Build started 6/1/2018 7:13:18 AM.
     1>Project "E:\LapTrinhHeThong\Project\CaroChess2\CaroChess2\CaroChess2.vcxproj" on node 2 (Build target(s)).
     1>ClCompile:
         C:\Program Files (x86)\Microsoft Visual Studio 12.0\VC\bin\CL.exe /c /ZI /nologo /W3 /WX- /sdl /Od /Oy- /D _MBCS /Gm /EHsc /RTC1 /MDd /GS /fp:precise /Zc:wchar_t /Zc:forScope /Fo"Debug\\" /Fd"Debug\vc120.pdb" /Gd /TP /analyze- /errorReport:prompt Source.cpp
         Source.cpp
     1>e:\laptrinhhethong\project\carochess2\carochess2\source.cpp(74): warning C4244: '=' : conversion from 'LONG' to 'float', possible loss of data
     1>e:\laptrinhhethong\project\carochess2\carochess2\source.cpp(76): warning C4244: '=' : conversion from 'LONG' to 'float', possible loss of data
     1>e:\laptrinhhethong\project\carochess2\carochess2\source.cpp(85): warning C4244: 'argument' : conversion from 'float' to 'int', possible loss of data
     1>e:\laptrinhhethong\project\carochess2\carochess2\source.cpp(86): warning C4244: 'argument' : conversion from 'float' to 'int', possible loss of data
     1>e:\laptrinhhethong\project\carochess2\carochess2\source.cpp(101): warning C4244: 'argument' : conversion from 'float' to 'int', possible loss of data
     1>e:\laptrinhhethong\project\carochess2\carochess2\source.cpp(107): warning C4244: 'argument' : conversion from 'float' to 'int', possible loss of data
     1>e:\laptrinhhethong\project\carochess2\carochess2\source.cpp(67): warning C4101: 'pt' : unreferenced local variable
     1>e:\laptrinhhethong\project\carochess2\carochess2\source.cpp(149): warning C4244: 'argument' : conversion from 'float' to 'int', possible loss of data
     1>e:\laptrinhhethong\project\carochess2\carochess2\source.cpp(150): warning C4244: 'argument' : conversion from 'float' to 'int', possible loss of data
       Link:
         C:\Program Files (x86)\Microsoft Visual Studio 12.0\VC\bin\link.exe /ERRORREPORT:PROMPT /OUT:"E:\LapTrinhHeThong\Project\CaroChess2\Debug\CaroChess2.exe" /INCREMENTAL /NOLOGO kernel32.lib user32.lib gdi32.lib winspool.lib comdlg32.lib advapi32.lib shell32.lib ole32.lib oleaut32.lib uuid.lib odbc32.lib odbccp32.lib /MANIFEST /MANIFESTUAC:"level='asInvoker' uiAccess='false'" /manifest:embed /DEBUG /PDB:"E:\LapTrinhHeThong\Project\CaroChess2\Debug\CaroChess2.pdb" /TLBID:1 /DYNAMICBASE /NXCOMPAT /IMPLIB:"E:\LapTrinhHeThong\Project\CaroChess2\Debug\CaroChess2.lib" /MACHINE:X86 Debug\Source.obj
         CaroChess2.vcxproj -> E:\LapTrinhHeThong\Project\CaroChess2\Debug\CaroChess2.exe
     1>Done Building Project "E:\LapTrinhHeThong\Project\CaroChess2\CaroChess2\CaroChess2.vcxproj" (Build target(s)).

Build succeeded.

Time Elapsed 00:00:00.77
